#
# There is insufficient memory for the Java Runtime Environment to continue.
# Native memory allocation (malloc) failed to allocate 944576 bytes for Chunk::new
# Possible reasons:
#   The system is out of physical RAM or swap space
#   The process is running with CompressedOops enabled, and the Java Heap may be blocking the growth of the native heap
# Possible solutions:
#   Reduce memory load on the system
#   Increase physical memory or swap space
#   Check if swap backing store is full
#   Decrease Java heap size (-Xmx/-Xms)
#   Decrease number of Java threads
#   Decrease Java thread stack sizes (-Xss)
#   Set larger code cache with -XX:ReservedCodeCacheSize=
#   JVM is running with Unscaled Compressed Oops mode in which the Java heap is
#     placed in the first 4GB address space. The Java Heap base address is the
#     maximum limit for the native heap growth. Please use -XX:HeapBaseMinAddress
#     to set the Java Heap base and to place the Java Heap above 4GB virtual address.
# This output file may be truncated or incomplete.
#
#  Out of Memory Error (allocation.cpp:389), pid=18248, tid=0x0000000000003884
#
# JRE version: OpenJDK Runtime Environment (8.0_202-b03) (build 1.8.0_202-release-1483-b03)
# Java VM: OpenJDK 64-Bit Server VM (25.202-b03 mixed mode windows-amd64 compressed oops)
# Failed to write core dump. Minidumps are not enabled by default on client versions of Windows
#

---------------  T H R E A D  ---------------

Current thread (0x0000000018c04000):  JavaThread "C2 CompilerThread0" daemon [_thread_in_native, id=14468, stack(0x00000000194e0000,0x00000000195e0000)]

Stack: [0x00000000194e0000,0x00000000195e0000]
[error occurred during error reporting (printing stack bounds), id 0xc0000005]

Native frames: (J=compiled Java code, j=interpreted, Vv=VM code, C=native code)


Current CompileTask:
C2:1461993 21733 %     4       com.android.tools.r8.ir.code.Phi::a @ 12 (339 bytes)


---------------  P R O C E S S  ---------------

Java Threads: ( => current thread )
  0x0000000022c3a800 JavaThread "WorkerExecutor Queue" [_thread_in_native, id=18776, stack(0x0000000027f70000,0x0000000028070000)]
  0x0000000022c3a000 JavaThread "Cache worker for Java compile cache (F:\Bai_hoc\Nam_3\HK2\TKPM\Project\Source code\tkpm31-summer2020-project-1712316-1712322\.gradle\5.4.1\javaCompile)" [_thread_blocked, id=2140, stack(0x0000000027a40000,0x0000000027b40000)]
  0x0000000022c32800 JavaThread "Cache worker for execution history cache (F:\Bai_hoc\Nam_3\HK2\TKPM\Project\Source code\tkpm31-summer2020-project-1712316-1712322\.gradle\5.4.1\executionHistory)" [_thread_blocked, id=20920, stack(0x0000000027940000,0x0000000027a40000)]
  0x0000000022c39000 JavaThread "Execution worker for ':' Thread 7" [_thread_in_Java, id=20788, stack(0x0000000027840000,0x0000000027940000)]
  0x0000000022c31800 JavaThread "Execution worker for ':' Thread 6" [_thread_in_Java, id=3596, stack(0x0000000027740000,0x0000000027840000)]
  0x0000000022c38800 JavaThread "Execution worker for ':' Thread 5" [_thread_blocked, id=9208, stack(0x0000000027640000,0x0000000027740000)]
  0x0000000022c37800 JavaThread "Execution worker for ':' Thread 4" [_thread_in_vm, id=2228, stack(0x0000000027540000,0x0000000027640000)]
  0x0000000022c34000 JavaThread "Execution worker for ':' Thread 3" [_thread_in_vm, id=1868, stack(0x0000000027440000,0x0000000027540000)]
  0x0000000022c30000 JavaThread "Execution worker for ':' Thread 2" [_thread_in_Java, id=15888, stack(0x0000000026f40000,0x0000000027040000)]
  0x0000000022c37000 JavaThread "Execution worker for ':'" [_thread_in_native, id=16404, stack(0x0000000026e40000,0x0000000026f40000)]
  0x0000000022c2f800 JavaThread "Cache worker for file content cache (F:\Bai_hoc\Nam_3\HK2\TKPM\Project\Source code\tkpm31-summer2020-project-1712316-1712322\.gradle\5.4.1\fileContent)" [_thread_blocked, id=7988, stack(0x0000000026710000,0x0000000026810000)]
  0x0000000022c35800 JavaThread "Cache worker for Build Output Cleanup Cache (F:\Bai_hoc\Nam_3\HK2\TKPM\Project\Source code\tkpm31-summer2020-project-1712316-1712322\.gradle\buildOutputCleanup)" [_thread_blocked, id=18048, stack(0x0000000024b90000,0x0000000024c90000)]
  0x0000000022c31000 JavaThread "Build operations Thread 8" [_thread_blocked, id=2176, stack(0x0000000024a90000,0x0000000024b90000)]
  0x0000000022c36000 JavaThread "Build operations Thread 7" [_thread_blocked, id=19080, stack(0x0000000024990000,0x0000000024a90000)]
  0x000000001d2fb000 JavaThread "Build operations Thread 6" [_thread_blocked, id=18448, stack(0x0000000024890000,0x0000000024990000)]
  0x000000001d2fa000 JavaThread "Build operations Thread 5" [_thread_blocked, id=17124, stack(0x0000000024790000,0x0000000024890000)]
  0x000000001d2f9800 JavaThread "Build operations Thread 4" [_thread_blocked, id=13408, stack(0x0000000023650000,0x0000000023750000)]
  0x000000001d2f8800 JavaThread "Build operations Thread 3" [_thread_blocked, id=16884, stack(0x00000000222a0000,0x00000000223a0000)]
  0x000000001d2f8000 JavaThread "Build operations Thread 2" [_thread_blocked, id=11296, stack(0x0000000021d60000,0x0000000021e60000)]
  0x000000001d2fd000 JavaThread "Build operations" [_thread_blocked, id=18188, stack(0x0000000020540000,0x0000000020640000)]
  0x000000001d2fc800 JavaThread "Cache worker for cache directory md-rule (C:\Users\ASUS\.gradle\caches\5.4.1\md-rule)" [_thread_blocked, id=16656, stack(0x000000001ffa0000,0x00000000200a0000)]
  0x000000001d2fb800 JavaThread "Cache worker for cache directory md-supplier (C:\Users\ASUS\.gradle\caches\5.4.1\md-supplier)" [_thread_blocked, id=18276, stack(0x000000001fea0000,0x000000001ffa0000)]
  0x000000001d2f0800 JavaThread "Cache worker for file hash cache (F:\Bai_hoc\Nam_3\HK2\TKPM\Project\Source code\tkpm31-summer2020-project-1712316-1712322\.gradle\5.4.1\fileHashes)" [_thread_blocked, id=17576, stack(0x000000001c230000,0x000000001c330000)]
  0x000000001d2f5000 JavaThread "Thread-106" [_thread_blocked, id=11688, stack(0x000000001c130000,0x000000001c230000)]
  0x000000001d2f4000 JavaThread "Stdin handler" [_thread_blocked, id=11016, stack(0x000000001c030000,0x000000001c130000)]
  0x000000001d2f6800 JavaThread "Asynchronous log dispatcher for DefaultDaemonConnection: socket connection from /127.0.0.1:63645 to /127.0.0.1:64102" [_thread_blocked, id=16868, stack(0x000000001bd30000,0x000000001be30000)]
  0x000000001d2ee000 JavaThread "Daemon worker Thread 4" [_thread_in_Java, id=21204, stack(0x000000001bc30000,0x000000001bd30000)]
  0x000000001d2f2000 JavaThread "Cancel handler" [_thread_blocked, id=9384, stack(0x00000000013e0000,0x00000000014e0000)]
  0x000000001d2f3800 JavaThread "Handler for socket connection from /127.0.0.1:63645 to /127.0.0.1:64102" [_thread_in_native, id=2648, stack(0x00000000012e0000,0x00000000013e0000)]
  0x000000001d2f2800 JavaThread "Daemon Thread 4" [_thread_blocked, id=12600, stack(0x00000000011e0000,0x00000000012e0000)]
  0x000000001d2f5800 JavaThread "Cache worker for Java compile cache (C:\Users\ASUS\.gradle\caches\5.4.1\javaCompile)" [_thread_blocked, id=20456, stack(0x0000000029ae0000,0x0000000029be0000)]
  0x00000000206ed000 JavaThread "Cache worker for file content cache (C:\Users\ASUS\.gradle\caches\5.4.1\fileContent)" [_thread_blocked, id=20876, stack(0x0000000025290000,0x0000000025390000)]
  0x000000001ecd0800 JavaThread "Memory manager" [_thread_blocked, id=9944, stack(0x0000000025c80000,0x0000000025d80000)]
  0x000000001b17e000 JavaThread "Cache worker for execution history cache (C:\Users\ASUS\.gradle\caches\5.4.1\executionHistory)" [_thread_blocked, id=8184, stack(0x0000000021860000,0x0000000021960000)]
  0x000000001b179000 JavaThread "Cache worker for journal cache (C:\Users\ASUS\.gradle\caches\journal-1)" [_thread_blocked, id=1592, stack(0x000000001d800000,0x000000001d900000)]
  0x000000001b178000 JavaThread "File lock request listener" [_thread_in_native, id=2320, stack(0x000000001d700000,0x000000001d800000)]
  0x000000001b0ce000 JavaThread "Cache worker for file hash cache (C:\Users\ASUS\.gradle\caches\5.4.1\fileHashes)" [_thread_blocked, id=20996, stack(0x000000001d600000,0x000000001d700000)]
  0x000000001aa12000 JavaThread "Daemon periodic checks" [_thread_blocked, id=12988, stack(0x000000001bb30000,0x000000001bc30000)]
  0x000000001acf3000 JavaThread "Incoming local TCP Connector on port 63645" [_thread_in_native, id=16200, stack(0x000000001b8f0000,0x000000001b9f0000)]
  0x000000001ac0d800 JavaThread "Daemon health stats" [_thread_blocked, id=16684, stack(0x000000001b2b0000,0x000000001b3b0000)]
  0x0000000018cad800 JavaThread "Service Thread" daemon [_thread_blocked, id=14752, stack(0x00000000198e0000,0x00000000199e0000)]
  0x0000000018c0e800 JavaThread "C1 CompilerThread3" daemon [_thread_in_native, id=10380, stack(0x00000000197e0000,0x00000000198e0000)]
  0x0000000018c09800 JavaThread "C2 CompilerThread2" daemon [_thread_in_vm, id=10128, stack(0x00000000196e0000,0x00000000197e0000)]
  0x0000000018c06800 JavaThread "C2 CompilerThread1" daemon [_thread_in_native, id=16452, stack(0x00000000195e0000,0x00000000196e0000)]
=>0x0000000018c04000 JavaThread "C2 CompilerThread0" daemon [_thread_in_native, id=14468, stack(0x00000000194e0000,0x00000000195e0000)]
  0x0000000018c14800 JavaThread "Attach Listener" daemon [_thread_blocked, id=4924, stack(0x00000000193e0000,0x00000000194e0000)]
  0x0000000018c11800 JavaThread "Signal Dispatcher" daemon [_thread_blocked, id=3452, stack(0x00000000192e0000,0x00000000193e0000)]
  0x0000000018c00800 JavaThread "Finalizer" daemon [_thread_blocked, id=16976, stack(0x00000000190e0000,0x00000000191e0000)]
  0x0000000002f56800 JavaThread "Reference Handler" daemon [_thread_blocked, id=15704, stack(0x0000000018fe0000,0x00000000190e0000)]
  0x0000000002e62800 JavaThread "main" [_thread_blocked, id=12316, stack(0x0000000002d40000,0x0000000002e40000)]

Other Threads:
  0x0000000016df7800 VMThread [stack: 0x0000000018ae0000,0x0000000018be0000] [id=16436]
  0x0000000018c39800 WatcherThread [stack: 0x00000000199e0000,0x0000000019ae0000] [id=10484]

VM state:not at safepoint (normal execution)

VM Mutex/Monitor currently owned by a thread: None

heap address: 0x00000000a0000000, size: 1536 MB, Compressed Oops mode: 32-bit
Narrow klass base: 0x0000000000000000, Narrow klass shift: 3
Compressed class space size: 1073741824 Address: 0x0000000100000000

Heap:
 PSYoungGen      total 358912K, used 251708K [0x00000000e0000000, 0x00000000ffc80000, 0x0000000100000000)
  eden space 250880K, 57% used [0x00000000e0000000,0x00000000e8c50300,0x00000000ef500000)
  from space 108032K, 99% used [0x00000000f7000000,0x00000000fd97f0b0,0x00000000fd980000)
  to   space 125952K, 0% used [0x00000000ef500000,0x00000000ef500000,0x00000000f7000000)
 ParOldGen       total 183296K, used 71318K [0x00000000a0000000, 0x00000000ab300000, 0x00000000e0000000)
  object space 183296K, 38% used [0x00000000a0000000,0x00000000a45a5a00,0x00000000ab300000)
 Metaspace       used 110284K, capacity 114786K, committed 114904K, reserved 1148928K
  class space    used 13851K, capacity 14741K, committed 14808K, reserved 1048576K

Card table byte_map: [0x0000000012400000,0x0000000012710000] byte_map_base: 0x0000000011f00000

Marking Bits: (ParMarkBitMap*) 0x0000000063929f30
 Begin Bits: [0x0000000013110000, 0x0000000014910000)
 End Bits:   [0x0000000014910000, 0x0000000016110000)

Polling page: 0x0000000001560000

CodeCache: size=245760Kb used=64686Kb max_used=64690Kb free=181073Kb
 bounds [0x0000000003040000, 0x0000000006fc0000, 0x0000000012040000]
 total_blobs=18226 nmethods=17313 adapters=823
 compilation: enabled

Compilation events (10 events):
Event: 1461.926 Thread 0x0000000018c0e800 nmethod 22019 0x0000000006f5db90 code [0x0000000006f5dd40, 0x0000000006f5e2f8]
Event: 1461.926 Thread 0x0000000018c0e800 22022       3       com.android.tools.r8.n.a.a.a.g.b1::a (122 bytes)
Event: 1461.926 Thread 0x0000000018c0e800 nmethod 22022 0x0000000006f5e4d0 code [0x0000000006f5e680, 0x0000000006f5eb78]
Event: 1461.926 Thread 0x0000000018c0e800 22029       3       com.android.tools.r8.ir.conversion.N::b (4236 bytes)
Event: 1461.956 Thread 0x0000000018c0e800 nmethod 22029 0x0000000006f5ed90 code [0x0000000006f60ae0, 0x0000000006f71998]
Event: 1461.956 Thread 0x0000000018c0e800 22033       3       com.android.tools.r8.ir.conversion.X::h (345 bytes)
Event: 1461.958 Thread 0x0000000018c0e800 nmethod 22033 0x0000000006f7f790 code [0x0000000006f7fb40, 0x0000000006f81c68]
Event: 1461.958 Thread 0x0000000018c0e800 22034       3       com.android.tools.r8.ir.conversion.Q::b (120 bytes)
Event: 1461.959 Thread 0x0000000018c0e800 nmethod 22034 0x0000000006f82cd0 code [0x0000000006f82f40, 0x0000000006f83e28]
Event: 1461.959 Thread 0x0000000018c0e800 22045       3       com.android.tools.r8.ir.code.Phi::a (427 bytes)

GC Heap History (10 events):
Event: 1415.360 GC heap before
{Heap before GC invocations=29 (full 4):
 PSYoungGen      total 257536K, used 257508K [0x00000000e0000000, 0x00000000f8d00000, 0x0000000100000000)
  eden space 193024K, 100% used [0x00000000e0000000,0x00000000ebc80000,0x00000000ebc80000)
  from space 64512K, 99% used [0x00000000f1480000,0x00000000f5379238,0x00000000f5380000)
  to   space 90112K, 0% used [0x00000000ebc80000,0x00000000ebc80000,0x00000000f1480000)
 ParOldGen       total 184320K, used 135308K [0x00000000a0000000, 0x00000000ab400000, 0x00000000e0000000)
  object space 184320K, 73% used [0x00000000a0000000,0x00000000a84231b0,0x00000000ab400000)
 Metaspace       used 94592K, capacity 97902K, committed 98008K, reserved 1134592K
  class space    used 11801K, capacity 12475K, committed 12504K, reserved 1048576K
Event: 1423.237 GC heap after
Heap after GC invocations=29 (full 4):
 PSYoungGen      total 283136K, used 59781K [0x00000000e0000000, 0x00000000f8f00000, 0x0000000100000000)
  eden space 193024K, 0% used [0x00000000e0000000,0x00000000e0000000,0x00000000ebc80000)
  from space 90112K, 66% used [0x00000000ebc80000,0x00000000ef6e1638,0x00000000f1480000)
  to   space 94208K, 0% used [0x00000000f3300000,0x00000000f3300000,0x00000000f8f00000)
 ParOldGen       total 184320K, used 157977K [0x00000000a0000000, 0x00000000ab400000, 0x00000000e0000000)
  object space 184320K, 85% used [0x00000000a0000000,0x00000000a9a464e0,0x00000000ab400000)
 Metaspace       used 94592K, capacity 97902K, committed 98008K, reserved 1134592K
  class space    used 11801K, capacity 12475K, committed 12504K, reserved 1048576K
}
Event: 1423.253 GC heap before
{Heap before GC invocations=30 (full 5):
 PSYoungGen      total 283136K, used 59781K [0x00000000e0000000, 0x00000000f8f00000, 0x0000000100000000)
  eden space 193024K, 0% used [0x00000000e0000000,0x00000000e0000000,0x00000000ebc80000)
  from space 90112K, 66% used [0x00000000ebc80000,0x00000000ef6e1638,0x00000000f1480000)
  to   space 94208K, 0% used [0x00000000f3300000,0x00000000f3300000,0x00000000f8f00000)
 ParOldGen       total 184320K, used 157977K [0x00000000a0000000, 0x00000000ab400000, 0x00000000e0000000)
  object space 184320K, 85% used [0x00000000a0000000,0x00000000a9a464e0,0x00000000ab400000)
 Metaspace       used 94592K, capacity 97902K, committed 98008K, reserved 1134592K
  class space    used 11801K, capacity 12475K, committed 12504K, reserved 1048576K
Event: 1429.091 GC heap after
Heap after GC invocations=30 (full 5):
 PSYoungGen      total 283136K, used 0K [0x00000000e0000000, 0x00000000f8f00000, 0x0000000100000000)
  eden space 193024K, 0% used [0x00000000e0000000,0x00000000e0000000,0x00000000ebc80000)
  from space 90112K, 0% used [0x00000000ebc80000,0x00000000ebc80000,0x00000000f1480000)
  to   space 94208K, 0% used [0x00000000f3300000,0x00000000f3300000,0x00000000f8f00000)
 ParOldGen       total 183296K, used 65985K [0x00000000a0000000, 0x00000000ab300000, 0x00000000e0000000)
  object space 183296K, 35% used [0x00000000a0000000,0x00000000a4070628,0x00000000ab300000)
 Metaspace       used 94556K, capacity 97832K, committed 98008K, reserved 1134592K
  class space    used 11789K, capacity 12452K, committed 12504K, reserved 1048576K
}
Event: 1438.933 GC heap before
{Heap before GC invocations=31 (full 5):
 PSYoungGen      total 283136K, used 193024K [0x00000000e0000000, 0x00000000f8f00000, 0x0000000100000000)
  eden space 193024K, 100% used [0x00000000e0000000,0x00000000ebc80000,0x00000000ebc80000)
  from space 90112K, 0% used [0x00000000ebc80000,0x00000000ebc80000,0x00000000f1480000)
  to   space 94208K, 0% used [0x00000000f3300000,0x00000000f3300000,0x00000000f8f00000)
 ParOldGen       total 183296K, used 65985K [0x00000000a0000000, 0x00000000ab300000, 0x00000000e0000000)
  object space 183296K, 35% used [0x00000000a0000000,0x00000000a4070628,0x00000000ab300000)
 Metaspace       used 97296K, capacity 100632K, committed 100824K, reserved 1136640K
  class space    used 12056K, capacity 12722K, committed 12760K, reserved 1048576K
Event: 1439.046 GC heap after
Heap after GC invocations=31 (full 5):
 PSYoungGen      total 309248K, used 43973K [0x00000000e0000000, 0x00000000f8a00000, 0x0000000100000000)
  eden space 220160K, 0% used [0x00000000e0000000,0x00000000e0000000,0x00000000ed700000)
  from space 89088K, 49% used [0x00000000f3300000,0x00000000f5df17d0,0x00000000f8a00000)
  to   space 91648K, 0% used [0x00000000ed700000,0x00000000ed700000,0x00000000f3080000)
 ParOldGen       total 183296K, used 65993K [0x00000000a0000000, 0x00000000ab300000, 0x00000000e0000000)
  object space 183296K, 36% used [0x00000000a0000000,0x00000000a4072628,0x00000000ab300000)
 Metaspace       used 97296K, capacity 100632K, committed 100824K, reserved 1136640K
  class space    used 12056K, capacity 12722K, committed 12760K, reserved 1048576K
}
Event: 1443.610 GC heap before
{Heap before GC invocations=32 (full 5):
 PSYoungGen      total 309248K, used 264133K [0x00000000e0000000, 0x00000000f8a00000, 0x0000000100000000)
  eden space 220160K, 100% used [0x00000000e0000000,0x00000000ed700000,0x00000000ed700000)
  from space 89088K, 49% used [0x00000000f3300000,0x00000000f5df17d0,0x00000000f8a00000)
  to   space 91648K, 0% used [0x00000000ed700000,0x00000000ed700000,0x00000000f3080000)
 ParOldGen       total 183296K, used 65993K [0x00000000a0000000, 0x00000000ab300000, 0x00000000e0000000)
  object space 183296K, 36% used [0x00000000a0000000,0x00000000a4072628,0x00000000ab300000)
 Metaspace       used 100632K, capacity 103992K, committed 104408K, reserved 1140736K
  class space    used 12451K, capacity 13138K, committed 13272K, reserved 1048576K
Event: 1444.378 GC heap after
Heap after GC invocations=32 (full 5):
 PSYoungGen      total 311808K, used 91634K [0x00000000e0000000, 0x00000000fd980000, 0x0000000100000000)
  eden space 220160K, 0% used [0x00000000e0000000,0x00000000e0000000,0x00000000ed700000)
  from space 91648K, 99% used [0x00000000ed700000,0x00000000f307cb48,0x00000000f3080000)
  to   space 108032K, 0% used [0x00000000f7000000,0x00000000f7000000,0x00000000fd980000)
 ParOldGen       total 183296K, used 70837K [0x00000000a0000000, 0x00000000ab300000, 0x00000000e0000000)
  object space 183296K, 38% used [0x00000000a0000000,0x00000000a452d558,0x00000000ab300000)
 Metaspace       used 100632K, capacity 103992K, committed 104408K, reserved 1140736K
  class space    used 12451K, capacity 13138K, committed 13272K, reserved 1048576K
}
Event: 1456.902 GC heap before
{Heap before GC invocations=33 (full 5):
 PSYoungGen      total 311808K, used 311794K [0x00000000e0000000, 0x00000000fd980000, 0x0000000100000000)
  eden space 220160K, 100% used [0x00000000e0000000,0x00000000ed700000,0x00000000ed700000)
  from space 91648K, 99% used [0x00000000ed700000,0x00000000f307cb48,0x00000000f3080000)
  to   space 108032K, 0% used [0x00000000f7000000,0x00000000f7000000,0x00000000fd980000)
 ParOldGen       total 183296K, used 70837K [0x00000000a0000000, 0x00000000ab300000, 0x00000000e0000000)
  object space 183296K, 38% used [0x00000000a0000000,0x00000000a452d558,0x00000000ab300000)
 Metaspace       used 104697K, capacity 108420K, committed 108504K, reserved 1144832K
  class space    used 12984K, capacity 13716K, committed 13784K, reserved 1048576K
Event: 1457.556 GC heap after
Heap after GC invocations=33 (full 5):
 PSYoungGen      total 358912K, used 108028K [0x00000000e0000000, 0x00000000ffc80000, 0x0000000100000000)
  eden space 250880K, 0% used [0x00000000e0000000,0x00000000e0000000,0x00000000ef500000)
  from space 108032K, 99% used [0x00000000f7000000,0x00000000fd97f0b0,0x00000000fd980000)
  to   space 125952K, 0% used [0x00000000ef500000,0x00000000ef500000,0x00000000f7000000)
 ParOldGen       total 183296K, used 71318K [0x00000000a0000000, 0x00000000ab300000, 0x00000000e0000000)
  object space 183296K, 38% used [0x00000000a0000000,0x00000000a45a5a00,0x00000000ab300000)
 Metaspace       used 104697K, capacity 108420K, committed 108504K, reserved 1144832K
  class space    used 12984K, capacity 13716K, committed 13784K, reserved 1048576K
}

Deoptimization events (10 events):
Event: 1461.272 Thread 0x0000000022c37000 Uncommon trap: reason=unstable_if action=reinterpret pc=0x0000000006d20f10 method=com.android.tools.r8.ir.regalloc.LiveIntervals.p()Z @ 9
Event: 1461.278 Thread 0x0000000022c37000 Uncommon trap: reason=unstable_if action=reinterpret pc=0x0000000006ce8434 method=com.android.tools.r8.ir.regalloc.LinearScanRegisterAllocator.a(I)I @ 12
Event: 1461.399 Thread 0x0000000022c37000 Uncommon trap: reason=class_check action=maybe_recompile pc=0x0000000006d39258 method=com.android.tools.r8.ir.optimize.z.a(Lcom/android/tools/r8/ir/code/Instruction;)Z @ 251
Event: 1461.399 Thread 0x0000000022c37000 Uncommon trap: reason=predicate action=maybe_recompile pc=0x0000000006d38e4c method=java.util.Collection.removeIf(Ljava/util/function/Predicate;)Z @ 23
Event: 1461.426 Thread 0x0000000022c30000 Uncommon trap: reason=unstable_if action=reinterpret pc=0x0000000005437ed8 method=java.util.ArrayList.remove(Ljava/lang/Object;)Z @ 46
Event: 1461.433 Thread 0x0000000022c37800 Uncommon trap: reason=unstable_if action=reinterpret pc=0x0000000006ce21c0 method=com.android.tools.r8.n.a.a.a.g.B0.a(ILjava/lang/Object;)Ljava/lang/Object; @ 95
Event: 1461.449 Thread 0x0000000022c34000 Uncommon trap: reason=unstable_if action=reinterpret pc=0x0000000006d215c0 method=com.android.tools.r8.ir.conversion.V.b(Lcom/android/tools/r8/t/a/a/B;)Z @ 11
Event: 1461.449 Thread 0x0000000022c34000 Uncommon trap: reason=unstable_if action=reinterpret pc=0x0000000006d2568c method=com.android.tools.r8.ir.conversion.V.b(Lcom/android/tools/r8/t/a/a/B;)Z @ 11
Event: 1461.449 Thread 0x0000000022c34000 Uncommon trap: reason=unstable_if action=reinterpret pc=0x0000000006d26cf4 method=com.android.tools.r8.ir.conversion.V.b(Lcom/android/tools/r8/t/a/a/B;)Z @ 11
Event: 1461.651 Thread 0x0000000022c34000 Uncommon trap: reason=unstable_if action=reinterpret pc=0x0000000006d4d140 method=com.android.tools.r8.m.a.a.b.A0.b(I[Ljava/lang/Object;)Lcom/android/tools/r8/m/a/a/b/A0; @ 160

Classes redefined (0 events):
No events

Internal exceptions (10 events):
Event: 1459.907 Thread 0x0000000022c34000 Exception <a 'java/lang/NoSuchMethodError': java.lang.Object.lambda$maxBy$1(Ljava/util/Comparator;Ljava/lang/Object;Ljava/lang/Object;)Ljava/lang/Object;> (0x00000000e298eba0) thrown at [D:\src\AOSP-openjdk-cygwin\jdk8u\hotspot\src\share\vm\interpreter\li
Event: 1459.907 Thread 0x000000001d2ee000 Exception <a 'java/lang/NoSuchMethodError': java.lang.Object.lambda$maxBy$1(Ljava/util/Comparator;Ljava/lang/Object;Ljava/lang/Object;)Ljava/lang/Object;> (0x00000000e26cecb8) thrown at [D:\src\AOSP-openjdk-cygwin\jdk8u\hotspot\src\share\vm\interpreter\li
Event: 1460.567 Thread 0x0000000022c31800 Exception <a 'sun/nio/fs/WindowsException'> (0x00000000e3577320) thrown at [D:\src\AOSP-openjdk-cygwin\jdk8u\hotspot\src\share\vm\prims\jni.cpp, line 710]
Event: 1460.818 Thread 0x0000000022c37000 Exception <a 'sun/nio/fs/WindowsException'> (0x00000000e4022ee8) thrown at [D:\src\AOSP-openjdk-cygwin\jdk8u\hotspot\src\share\vm\prims\jni.cpp, line 710]
Event: 1460.963 Thread 0x0000000022c37000 Exception <a 'sun/nio/fs/WindowsException'> (0x00000000e4bb8f38) thrown at [D:\src\AOSP-openjdk-cygwin\jdk8u\hotspot\src\share\vm\prims\jni.cpp, line 710]
Event: 1461.072 Thread 0x000000001d2ee000 Exception <a 'sun/nio/fs/WindowsException'> (0x00000000e5299bb8) thrown at [D:\src\AOSP-openjdk-cygwin\jdk8u\hotspot\src\share\vm\prims\jni.cpp, line 710]
Event: 1461.219 Thread 0x0000000022c31800 Exception <a 'sun/nio/fs/WindowsException'> (0x00000000e5d396d0) thrown at [D:\src\AOSP-openjdk-cygwin\jdk8u\hotspot\src\share\vm\prims\jni.cpp, line 710]
Event: 1461.248 Thread 0x000000001d2ee000 Exception <a 'sun/nio/fs/WindowsException'> (0x00000000e5fba8e8) thrown at [D:\src\AOSP-openjdk-cygwin\jdk8u\hotspot\src\share\vm\prims\jni.cpp, line 710]
Event: 1461.485 Thread 0x000000001d2ee000 Exception <a 'sun/nio/fs/WindowsException'> (0x00000000e6e00220) thrown at [D:\src\AOSP-openjdk-cygwin\jdk8u\hotspot\src\share\vm\prims\jni.cpp, line 710]
Event: 1461.839 Thread 0x0000000022c37000 Exception <a 'sun/nio/fs/WindowsException'> (0x00000000e88477a8) thrown at [D:\src\AOSP-openjdk-cygwin\jdk8u\hotspot\src\share\vm\prims\jni.cpp, line 710]

Events (10 events):
Event: 1461.652 loading class com/android/tools/r8/code/J0
Event: 1461.652 loading class com/android/tools/r8/code/J0 done
Event: 1461.652 loading class com/android/tools/r8/code/L0
Event: 1461.652 loading class com/android/tools/r8/code/L0 done
Event: 1461.652 loading class com/android/tools/r8/code/K0
Event: 1461.652 loading class com/android/tools/r8/code/K0 done
Event: 1461.653 loading class com/android/tools/r8/cf/code/p
Event: 1461.653 loading class com/android/tools/r8/cf/code/p done
Event: 1461.739 loading class com/android/tools/r8/n/a/a/a/g/A0
Event: 1461.739 loading class com/android/tools/r8/n/a/a/a/g/A0 done


Dynamic libraries:
0x00007ff671b90000 - 0x00007ff671bc1000 	C:\Program Files\Android\Android Studio\jre\bin\java.exe
0x00007ffb862c0000 - 0x00007ffb864b0000 	C:\WINDOWS\SYSTEM32\ntdll.dll
0x00007ffb85470000 - 0x00007ffb85522000 	C:\WINDOWS\System32\KERNEL32.DLL
0x00007ffb83db0000 - 0x00007ffb84054000 	C:\WINDOWS\System32\KERNELBASE.dll
0x00007ffb85340000 - 0x00007ffb853e3000 	C:\WINDOWS\System32\ADVAPI32.dll
0x00007ffb85530000 - 0x00007ffb855ce000 	C:\WINDOWS\System32\msvcrt.dll
0x00007ffb85df0000 - 0x00007ffb85e87000 	C:\WINDOWS\System32\sechost.dll
0x00007ffb84970000 - 0x00007ffb84a90000 	C:\WINDOWS\System32\RPCRT4.dll
0x00007ffb84370000 - 0x00007ffb84505000 	C:\WINDOWS\System32\USER32.dll
0x00007ffb84150000 - 0x00007ffb84171000 	C:\WINDOWS\System32\win32u.dll
0x00007ffb85710000 - 0x00007ffb85736000 	C:\WINDOWS\System32\GDI32.dll
0x00007ffb841d0000 - 0x00007ffb84366000 	C:\WINDOWS\System32\gdi32full.dll
0x00007ffb84060000 - 0x00007ffb840fe000 	C:\WINDOWS\System32\msvcp_win.dll
0x00007ffb83370000 - 0x00007ffb8346a000 	C:\WINDOWS\System32\ucrtbase.dll
0x00007ffb5f0e0000 - 0x00007ffb5f364000 	C:\WINDOWS\WinSxS\amd64_microsoft.windows.common-controls_6595b64144ccf1df_6.0.18362.1016_none_9e7a36bbe461dae4\COMCTL32.dll
0x00007ffb84630000 - 0x00007ffb84965000 	C:\WINDOWS\System32\combase.dll
0x00007ffb83240000 - 0x00007ffb832c0000 	C:\WINDOWS\System32\bcryptPrimitives.dll
0x00007ffb855d0000 - 0x00007ffb855fe000 	C:\WINDOWS\System32\IMM32.DLL
0x0000000063a80000 - 0x0000000063b52000 	C:\Program Files\Android\Android Studio\jre\jre\bin\msvcr100.dll
0x0000000063160000 - 0x00000000639a6000 	C:\Program Files\Android\Android Studio\jre\jre\bin\server\jvm.dll
0x00007ffb86270000 - 0x00007ffb86278000 	C:\WINDOWS\System32\PSAPI.DLL
0x00007ffb7da50000 - 0x00007ffb7da5a000 	C:\WINDOWS\SYSTEM32\VERSION.dll
0x00007ffb7edf0000 - 0x00007ffb7ee14000 	C:\WINDOWS\SYSTEM32\WINMM.dll
0x00007ffb72c20000 - 0x00007ffb72c29000 	C:\WINDOWS\SYSTEM32\WSOCK32.dll
0x00007ffb85400000 - 0x00007ffb8546f000 	C:\WINDOWS\System32\WS2_32.dll
0x00007ffb7f430000 - 0x00007ffb7f45d000 	C:\WINDOWS\SYSTEM32\WINMMBASE.dll
0x00007ffb84100000 - 0x00007ffb8414a000 	C:\WINDOWS\System32\cfgmgr32.dll
0x00007ffb72a70000 - 0x00007ffb72a7f000 	C:\Program Files\Android\Android Studio\jre\jre\bin\verify.dll
0x00007ffb57410000 - 0x00007ffb57439000 	C:\Program Files\Android\Android Studio\jre\jre\bin\java.dll
0x00007ffb60f70000 - 0x00007ffb60f86000 	C:\Program Files\Android\Android Studio\jre\jre\bin\zip.dll
0x00007ffb84c50000 - 0x00007ffb85337000 	C:\WINDOWS\System32\SHELL32.dll
0x00007ffb85ce0000 - 0x00007ffb85d89000 	C:\WINDOWS\System32\shcore.dll
0x00007ffb83470000 - 0x00007ffb83bf2000 	C:\WINDOWS\System32\windows.storage.dll
0x00007ffb83180000 - 0x00007ffb831a3000 	C:\WINDOWS\System32\profapi.dll
0x00007ffb831f0000 - 0x00007ffb8323a000 	C:\WINDOWS\System32\powrprof.dll
0x00007ffb83170000 - 0x00007ffb83180000 	C:\WINDOWS\System32\UMPDC.dll
0x00007ffb85c80000 - 0x00007ffb85cd2000 	C:\WINDOWS\System32\shlwapi.dll
0x00007ffb831d0000 - 0x00007ffb831e1000 	C:\WINDOWS\System32\kernel.appcore.dll
0x00007ffb84180000 - 0x00007ffb84197000 	C:\WINDOWS\System32\cryptsp.dll
0x00007ffb5ef90000 - 0x00007ffb5efaa000 	C:\Program Files\Android\Android Studio\jre\jre\bin\net.dll
0x00007ffb829d0000 - 0x00007ffb82a37000 	C:\WINDOWS\system32\mswsock.dll
0x00007ffb55af0000 - 0x00007ffb55b01000 	C:\Program Files\Android\Android Studio\jre\jre\bin\nio.dll
0x00007ffb515d0000 - 0x00007ffb515f6000 	C:\Users\ASUS\.gradle\native\29\windows-amd64\native-platform.dll
0x00007ffb60180000 - 0x00007ffb6018d000 	C:\Program Files\Android\Android Studio\jre\jre\bin\management.dll
0x00007ffb82540000 - 0x00007ffb82573000 	C:\WINDOWS\system32\rsaenh.dll
0x00007ffb841a0000 - 0x00007ffb841c6000 	C:\WINDOWS\System32\bcrypt.dll
0x00007ffb83090000 - 0x00007ffb830b5000 	C:\WINDOWS\SYSTEM32\USERENV.dll
0x00007ffb82ba0000 - 0x00007ffb82bac000 	C:\WINDOWS\SYSTEM32\CRYPTBASE.dll
0x00007ffb826e0000 - 0x00007ffb8271a000 	C:\WINDOWS\SYSTEM32\IPHLPAPI.DLL
0x00007ffb853f0000 - 0x00007ffb853f8000 	C:\WINDOWS\System32\NSI.dll
0x00007ffb7d500000 - 0x00007ffb7d516000 	C:\WINDOWS\SYSTEM32\dhcpcsvc6.DLL
0x00007ffb7d080000 - 0x00007ffb7d09c000 	C:\WINDOWS\SYSTEM32\dhcpcsvc.DLL
0x00007ffb82720000 - 0x00007ffb827eb000 	C:\WINDOWS\SYSTEM32\DNSAPI.dll
0x00007ffb56e20000 - 0x00007ffb56e44000 	C:\Program Files\Android\Android Studio\jre\jre\bin\sunec.dll
0x00007ffb79110000 - 0x00007ffb7911a000 	C:\Windows\System32\rasadhlp.dll
0x00007ffb7aae0000 - 0x00007ffb7ab57000 	C:\WINDOWS\System32\fwpuclnt.dll
0x00007ffb704c0000 - 0x00007ffb704cb000 	C:\Program Files\Android\Android Studio\jre\jre\bin\sunmscapi.dll
0x00007ffb83c00000 - 0x00007ffb83d49000 	C:\WINDOWS\System32\CRYPT32.dll
0x00007ffb831b0000 - 0x00007ffb831c2000 	C:\WINDOWS\System32\MSASN1.dll
0x000000006adc0000 - 0x000000006aeb2000 	C:\Users\ASUS\AppData\Local\Temp\room-8fd3aa43-06e5-4a68-a009-d0c778ac493e\sqlite-3.20.1-c14c6a7a-127b-43a5-b9d9-794fbd405548-sqlitejdbc.dll

VM Arguments:
jvm_args: -Xmx1536m -Dfile.encoding=windows-1252 -Duser.country=US -Duser.language=en -Duser.variant 
java_command: org.gradle.launcher.daemon.bootstrap.GradleDaemon 5.4.1
java_class_path (initial): C:\Users\ASUS\.gradle\wrapper\dists\gradle-5.4.1-all\3221gyojl5jsh0helicew7rwx\gradle-5.4.1\lib\gradle-launcher-5.4.1.jar
Launcher Type: SUN_STANDARD

Environment Variables:
JAVA_HOME=C:\Program Files\Java\jdk1.8.0_221
USERNAME=ASUS
OS=Windows_NT
PROCESSOR_IDENTIFIER=Intel64 Family 6 Model 142 Stepping 10, GenuineIntel



---------------  S Y S T E M  ---------------

OS: Windows 10.0 , 64 bit Build 18362 (10.0.18362.959)

CPU:total 8 (initial active 8) (4 cores per cpu, 2 threads per core) family 6 model 142 stepping 10, cmov, cx8, fxsr, mmx, sse, sse2, sse3, ssse3, sse4.1, sse4.2, popcnt, avx, avx2, aes, clmul, erms, 3dnowpref, lzcnt, ht, tsc, tscinvbit, bmi1, bmi2, adx

Memory: 4k page, physical 4074148k(153936k free), swap 12266148k(12428k free)

vm_info: OpenJDK 64-Bit Server VM (25.202-b03) for windows-amd64 JRE (1.8.0_202-release-1483-b03), built by "builder" with MS VC++ 10.0 (VS2010)

time: Tue Aug 18 20:44:52 2020
timezone: SE Asia Standard Time
elapsed time: 1462 seconds (0d 0h 24m 22s)

